<?xml version="1.0" encoding="UTF-8"?>
<testsuite name="ru.aplana.AcceptanceTestSuite" time="27.907" tests="19" errors="0" skipped="0" failures="0">
  <properties>
    <property name="idea.version" value="2017.1.2"/>
    <property name="java.runtime.name" value="Java(TM) SE Runtime Environment"/>
    <property name="sun.boot.library.path" value="C:\Program Files\Java\jdk1.8.0_65\jre\bin"/>
    <property name="java.vm.version" value="25.65-b01"/>
    <property name="java.vm.vendor" value="Oracle Corporation"/>
    <property name="maven.multiModuleProjectDirectory" value="D:\Dropbox\practice\Aplana\JavaTestProject\Lobar4\exampleBdd"/>
    <property name="java.vendor.url" value="http://java.oracle.com/"/>
    <property name="path.separator" value=";"/>
    <property name="guice.disable.misplaced.annotation.check" value="true"/>
    <property name="java.vm.name" value="Java HotSpot(TM) 64-Bit Server VM"/>
    <property name="file.encoding.pkg" value="sun.io"/>
    <property name="user.script" value=""/>
    <property name="user.country" value="RU"/>
    <property name="sun.java.launcher" value="SUN_STANDARD"/>
    <property name="sun.os.patch.level" value="Service Pack 1"/>
    <property name="java.vm.specification.name" value="Java Virtual Machine Specification"/>
    <property name="user.dir" value="D:\Dropbox\practice\Aplana\JavaTestProject\Lobar4\exampleBdd"/>
    <property name="java.runtime.version" value="1.8.0_65-b17"/>
    <property name="java.awt.graphicsenv" value="sun.awt.Win32GraphicsEnvironment"/>
    <property name="java.endorsed.dirs" value="C:\Program Files\Java\jdk1.8.0_65\jre\lib\endorsed"/>
    <property name="os.arch" value="amd64"/>
    <property name="java.io.tmpdir" value="C:\Users\46AD~1\AppData\Local\Temp\"/>
    <property name="line.separator" value="&#10;"/>
    <property name="java.vm.specification.vendor" value="Oracle Corporation"/>
    <property name="user.variant" value=""/>
    <property name="os.name" value="Windows 7"/>
    <property name="classworlds.conf" value="C:\Program Files (x86)\JetBrains\IntelliJ IDEA Community Edition 2017.1\plugins\maven\lib\maven3\bin\m2.conf"/>
    <property name="sun.jnu.encoding" value="Cp1251"/>
    <property name="java.library.path" value="C:\Program Files\Java\jdk1.8.0_65\bin;C:\Windows\Sun\Java\bin;C:\Windows\system32;C:\Windows;C:\ProgramData\Oracle\Java\javapath;C:\Program Files\Java\jdk1.8.0_65\bin;C:\Windows\system32;C:\Windows;C:\Windows\System32\Wbem;C:\Windows\System32\WindowsPowerShell\v1.0\;C:\Program Files (x86)\Calibre2\;C:\Program Files\Git\cmd;C:\Program Files (x86)\Skype\Phone\;C:\12;."/>
    <property name="java.specification.name" value="Java Platform API Specification"/>
    <property name="java.class.version" value="52.0"/>
    <property name="sun.management.compiler" value="HotSpot 64-Bit Tiered Compilers"/>
    <property name="os.version" value="6.1"/>
    <property name="user.home" value="C:\Users\Влад"/>
    <property name="user.timezone" value="Europe/Moscow"/>
    <property name="java.awt.printerjob" value="sun.awt.windows.WPrinterJob"/>
    <property name="java.specification.version" value="1.8"/>
    <property name="file.encoding" value="UTF-8"/>
    <property name="user.name" value="Влад"/>
    <property name="java.class.path" value="C:\Program Files (x86)\JetBrains\IntelliJ IDEA Community Edition 2017.1\plugins\maven\lib\maven3\boot\plexus-classworlds-2.5.2.jar;C:\Program Files (x86)\JetBrains\IntelliJ IDEA Community Edition 2017.1\lib\idea_rt.jar"/>
    <property name="java.vm.specification.version" value="1.8"/>
    <property name="sun.arch.data.model" value="64"/>
    <property name="java.home" value="C:\Program Files\Java\jdk1.8.0_65\jre"/>
    <property name="sun.java.command" value="org.codehaus.classworlds.Launcher -Didea.version=2017.1.2 clean install"/>
    <property name="java.specification.vendor" value="Oracle Corporation"/>
    <property name="user.language" value="ru"/>
    <property name="awt.toolkit" value="sun.awt.windows.WToolkit"/>
    <property name="java.vm.info" value="mixed mode"/>
    <property name="java.version" value="1.8.0_65"/>
    <property name="java.ext.dirs" value="C:\Program Files\Java\jdk1.8.0_65\jre\lib\ext;C:\Windows\Sun\Java\lib\ext"/>
    <property name="sun.boot.class.path" value="C:\Program Files\Java\jdk1.8.0_65\jre\lib\resources.jar;C:\Program Files\Java\jdk1.8.0_65\jre\lib\rt.jar;C:\Program Files\Java\jdk1.8.0_65\jre\lib\sunrsasign.jar;C:\Program Files\Java\jdk1.8.0_65\jre\lib\jsse.jar;C:\Program Files\Java\jdk1.8.0_65\jre\lib\jce.jar;C:\Program Files\Java\jdk1.8.0_65\jre\lib\charsets.jar;C:\Program Files\Java\jdk1.8.0_65\jre\lib\jfr.jar;C:\Program Files\Java\jdk1.8.0_65\jre\classes"/>
    <property name="java.vendor" value="Oracle Corporation"/>
    <property name="maven.home" value="C:\Program Files (x86)\JetBrains\IntelliJ IDEA Community Edition 2017.1\plugins\maven\lib\maven3"/>
    <property name="file.separator" value="\"/>
    <property name="java.vendor.url.bug" value="http://bugreport.sun.com/bugreport/"/>
    <property name="sun.cpu.endian" value="little"/>
    <property name="sun.io.unicode.encoding" value="UnicodeLittle"/>
    <property name="sun.desktop" value="windows"/>
    <property name="sun.cpu.isalist" value="amd64"/>
  </properties>
  <testcase name="BeforeStories" classname="java.lang.Object" time="0.002"/>
  <testcase name="Given пользователь открывает главную страницу VK" classname="ru.aplana.steps.DefinitionSteps" time="5.004"/>
  <testcase name="When пользователь вводит login: &apos;89169577765&apos; и password: &apos;Сложныйпароль&apos;" classname="ru.aplana.steps.DefinitionSteps" time="2.976"/>
  <testcase name="Then происходит авторизация пользователя" classname="ru.aplana.steps.DefinitionSteps" time="0.418"/>
  <testcase name="When поиск пользователя: &apos;Корнеев Влад&apos; страна: &apos;Россия&apos; город: &apos;Москва&apos;" classname="ru.aplana.steps.DefinitionSteps" time="4.547"/>
  <testcase name="Then будут найдены пользователи согласно условиям" classname="ru.aplana.steps.DefinitionSteps" time="0.508"/>
  <testcase name="Scenario: Авторизация на vk.com, поиск человека по параметрам, используя выпадающие списки, проверка результатов поиска" classname="Scenario: Авторизация на vk.com, поиск человека по параметрам, используя выпадающие списки, проверка результатов поиска" time="0.574"/>
  <testcase name="LookupADefinition.story" classname="LookupADefinition.story" time="0.574"/>
  <testcase name="Given пользователь открывает главную страницу VK​" classname="ru.aplana.steps.DefinitionSteps" time="3.472"/>
  <testcase name="When пользователь вводит login: &apos;89169577765&apos; и password: &apos;Сложныйпароль&apos;​" classname="ru.aplana.steps.DefinitionSteps" time="3.047"/>
  <testcase name="Then происходит авторизация пользователя и заголовок страницы &apos;Новости&apos;" classname="ru.aplana.steps.DefinitionSteps" time="0.523"/>
  <testcase name="When пользователь переходит в настройки" classname="ru.aplana.steps.DefinitionSteps" time="0.847"/>
  <testcase name="When пользователь изменяет дату рождения на текущую - &apos;27&apos; лет" classname="ru.aplana.steps.DefinitionSteps" time="1.337"/>
  <testcase name="Then появляется сообщение &apos;Изменения сохранены.&apos;" classname="ru.aplana.steps.DefinitionSteps" time="0.452"/>
  <testcase name="When пользователь переходит на страницу профиля" classname="ru.aplana.steps.DefinitionSteps" time="0.92"/>
  <testcase name="Then дата рождения равна текущей за вычетом необходимого кол-ва лет" classname="ru.aplana.steps.DefinitionSteps" time="0.518"/>
  <testcase name="Scenario: Авторизация на vk.com, изменение даты рождения, проверка даты рождения на главной странице" classname="Scenario: Авторизация на vk.com, изменение даты рождения, проверка даты рождения на главной странице" time="0.547"/>
  <testcase name="Testing.story" classname="Testing.story" time="0.547"/>
  <testcase name="AfterStories" classname="java.lang.Object" time="1.094"/>
</testsuite>